-------------------------------------------------------------------------------
Test set: com.accouting.AlertBoxTest
-------------------------------------------------------------------------------
Tests run: 4, Failures: 0, Errors: 1, Skipped: 0, Time elapsed: 73.997 s <<< FAILURE! - in com.accouting.AlertBoxTest
errorMessageAppearsIfCategoryNotSelected(com.accouting.AlertBoxTest)  Time elapsed: 10.635 s  <<< ERROR!
org.testfx.api.FxRobotException: the query "#accessSelectedRootCategoryBtn" returned no nodes.
	at com.accouting.AlertBoxTest.errorMessageAppearsIfCategoryNotSelected(AlertBoxTest.java:26)

