<?xml version="1.0" encoding="UTF-8"?>
<testsuite xmlns:xsi="http://www.w3.org/2001/XMLSchema-instance" xsi:schemaLocation="https://maven.apache.org/surefire/maven-surefire-plugin/xsd/surefire-test-report.xsd" name="Phone_number_Test" time="0.001" tests="5" errors="0" skipped="0" failures="0">
  <properties>
[...]
</properties>
  <testcase name="phoneNumberWithoutCountryCodeShouldBeIncorrect" classname="Phone_number_Test" time="0"/>
  <testcase name="phoneNumberMoreThan15NumbersShouldBeIncorrect" classname="Phone_number_Test" time="0"/>
  <testcase name="phoneNumberWithNonNumericalCharsShouldBeIncorrect" classname="Phone_number_Test" time="0"/>
  <testcase name="phoneNumberWithCountryCodeShouldBeCorrect" classname="Phone_number_Test" time="0"/>
  <testcase name="emptyPhoneNumberShouldBeIncorrect" classname="Phone_number_Test" time="0"/>
</testsuite>