<?xml version="1.0" encoding="UTF-8"?>
<testsuite xmlns:xsi="http://www.w3.org/2001/XMLSchema-instance" xsi:noNamespaceSchemaLocation="https://maven.apache.org/surefire/maven-surefire-plugin/xsd/surefire-test-report.xsd" name="com.accouting.AlertBoxTest" time="73.997" tests="4" errors="1" skipped="0" failures="0">
  <properties>
[...]
</properties>
  <testcase name="errorDialogIsShownWhenEnteredNotValidEmail" classname="com.accouting.AlertBoxTest" time="45.217"/>
  <testcase name="errorMessageAppearsIfEnteredNotValidUsernameOrPasswordsWhenLogin" classname="com.accouting.AlertBoxTest" time="10.877"/>
  <testcase name="errorDialogIsShownWhenEmailValueNotEntered" classname="com.accouting.AlertBoxTest" time="6.908"/>
  <testcase name="errorMessageAppearsIfCategoryNotSelected" classname="com.accouting.AlertBoxTest" time="10.635">
    <error message="the query &quot;#accessSelectedRootCategoryBtn&quot; returned no nodes." type="org.testfx.api.FxRobotException">org.testfx.api.FxRobotException: the query "#accessSelectedRootCategoryBtn" returned no nodes.
	at com.accouting.AlertBoxTest.errorMessageAppearsIfCategoryNotSelected(AlertBoxTest.java:26)
</error>
    <system-out><![CDATA[Hibernate: select user0_.userID as userid1_6_, user0_.address as address2_6_, user0_.companyCode as companyc3_6_, user0_.email as email4_6_, user0_.name as name5_6_, user0_.password as password6_6_, user0_.phone as phone7_6_, user0_.surname as surname8_6_, user0_.userType as usertype9_6_, user0_.username as usernam10_6_ from User user0_
Hibernate: select categories0_.responsibleUsers_userID as responsi1_7_0_, categories0_.categoriesResponsible_categoryID as categori2_7_0_, category1_.categoryID as category1_0_1_, category1_.categoryName as category2_0_1_, category1_.overallFinances as overallf3_0_1_, category1_.parentCategory_categoryID as parentca4_0_1_, category2_.categoryID as category1_0_2_, category2_.categoryName as category2_0_2_, category2_.overallFinances as overallf3_0_2_, category2_.parentCategory_categoryID as parentca4_0_2_ from User_Category categories0_ inner join Category category1_ on categories0_.categoriesResponsible_categoryID=category1_.categoryID left outer join Category category2_ on category1_.parentCategory_categoryID=category2_.categoryID where categories0_.responsibleUsers_userID=?
Hibernate: select categories0_.responsibleUsers_userID as responsi1_7_0_, categories0_.categoriesResponsible_categoryID as categori2_7_0_, category1_.categoryID as category1_0_1_, category1_.categoryName as category2_0_1_, category1_.overallFinances as overallf3_0_1_, category1_.parentCategory_categoryID as parentca4_0_1_, category2_.categoryID as category1_0_2_, category2_.categoryName as category2_0_2_, category2_.overallFinances as overallf3_0_2_, category2_.parentCategory_categoryID as parentca4_0_2_ from User_Category categories0_ inner join Category category1_ on categories0_.categoriesResponsible_categoryID=category1_.categoryID left outer join Category category2_ on category1_.parentCategory_categoryID=category2_.categoryID where categories0_.responsibleUsers_userID=?
Hibernate: select categories0_.responsibleUsers_userID as responsi1_7_0_, categories0_.categoriesResponsible_categoryID as categori2_7_0_, category1_.categoryID as category1_0_1_, category1_.categoryName as category2_0_1_, category1_.overallFinances as overallf3_0_1_, category1_.parentCategory_categoryID as parentca4_0_1_, category2_.categoryID as category1_0_2_, category2_.categoryName as category2_0_2_, category2_.overallFinances as overallf3_0_2_, category2_.parentCategory_categoryID as parentca4_0_2_ from User_Category categories0_ inner join Category category1_ on categories0_.categoriesResponsible_categoryID=category1_.categoryID left outer join Category category2_ on category1_.parentCategory_categoryID=category2_.categoryID where categories0_.responsibleUsers_userID=?
Hibernate: select categories0_.responsibleUsers_userID as responsi1_7_0_, categories0_.categoriesResponsible_categoryID as categori2_7_0_, category1_.categoryID as category1_0_1_, category1_.categoryName as category2_0_1_, category1_.overallFinances as overallf3_0_1_, category1_.parentCategory_categoryID as parentca4_0_1_, category2_.categoryID as category1_0_2_, category2_.categoryName as category2_0_2_, category2_.overallFinances as overallf3_0_2_, category2_.parentCategory_categoryID as parentca4_0_2_ from User_Category categories0_ inner join Category category1_ on categories0_.categoriesResponsible_categoryID=category1_.categoryID left outer join Category category2_ on category1_.parentCategory_categoryID=category2_.categoryID where categories0_.responsibleUsers_userID=?
Hibernate: select categories0_.responsibleUsers_userID as responsi1_7_0_, categories0_.categoriesResponsible_categoryID as categori2_7_0_, category1_.categoryID as category1_0_1_, category1_.categoryName as category2_0_1_, category1_.overallFinances as overallf3_0_1_, category1_.parentCategory_categoryID as parentca4_0_1_, category2_.categoryID as category1_0_2_, category2_.categoryName as category2_0_2_, category2_.overallFinances as overallf3_0_2_, category2_.parentCategory_categoryID as parentca4_0_2_ from User_Category categories0_ inner join Category category1_ on categories0_.categoriesResponsible_categoryID=category1_.categoryID left outer join Category category2_ on category1_.parentCategory_categoryID=category2_.categoryID where categories0_.responsibleUsers_userID=?
Hibernate: select categories0_.responsibleUsers_userID as responsi1_7_0_, categories0_.categoriesResponsible_categoryID as categori2_7_0_, category1_.categoryID as category1_0_1_, category1_.categoryName as category2_0_1_, category1_.overallFinances as overallf3_0_1_, category1_.parentCategory_categoryID as parentca4_0_1_, category2_.categoryID as category1_0_2_, category2_.categoryName as category2_0_2_, category2_.overallFinances as overallf3_0_2_, category2_.parentCategory_categoryID as parentca4_0_2_ from User_Category categories0_ inner join Category category1_ on categories0_.categoriesResponsible_categoryID=category1_.categoryID left outer join Category category2_ on category1_.parentCategory_categoryID=category2_.categoryID where categories0_.responsibleUsers_userID=?
Hibernate: select categories0_.responsibleUsers_userID as responsi1_7_0_, categories0_.categoriesResponsible_categoryID as categori2_7_0_, category1_.categoryID as category1_0_1_, category1_.categoryName as category2_0_1_, category1_.overallFinances as overallf3_0_1_, category1_.parentCategory_categoryID as parentca4_0_1_, category2_.categoryID as category1_0_2_, category2_.categoryName as category2_0_2_, category2_.overallFinances as overallf3_0_2_, category2_.parentCategory_categoryID as parentca4_0_2_ from User_Category categories0_ inner join Category category1_ on categories0_.categoriesResponsible_categoryID=category1_.categoryID left outer join Category category2_ on category1_.parentCategory_categoryID=category2_.categoryID where categories0_.responsibleUsers_userID=?
Hibernate: select categories0_.responsibleUsers_userID as responsi1_7_0_, categories0_.categoriesResponsible_categoryID as categori2_7_0_, category1_.categoryID as category1_0_1_, category1_.categoryName as category2_0_1_, category1_.overallFinances as overallf3_0_1_, category1_.parentCategory_categoryID as parentca4_0_1_, category2_.categoryID as category1_0_2_, category2_.categoryName as category2_0_2_, category2_.overallFinances as overallf3_0_2_, category2_.parentCategory_categoryID as parentca4_0_2_ from User_Category categories0_ inner join Category category1_ on categories0_.categoriesResponsible_categoryID=category1_.categoryID left outer join Category category2_ on category1_.parentCategory_categoryID=category2_.categoryID where categories0_.responsibleUsers_userID=?
[User{userID=2, name='simonas', User{userID=3, name='asd', User{userID=5, name='dsa', User{userID=6, name='uiui', User{userID=7, name='asd', User{userID=8, name='645', User{userID=9, name='asd', User{userID=10, name='admin']
]]></system-out>
    <system-err><![CDATA[Apr 11, 2021 5:01:40 PM org.hibernate.jpa.internal.util.LogHelper logPersistenceUnitInformation
INFO: HHH000204: Processing PersistenceUnitInfo [name: AccountingSystem_GUI_DB]
Apr 11, 2021 5:01:40 PM org.hibernate.engine.jdbc.connections.internal.DriverManagerConnectionProviderImpl configure
WARN: HHH10001002: Using Hibernate built-in connection pool (not for production use!)
Apr 11, 2021 5:01:40 PM org.hibernate.engine.jdbc.connections.internal.DriverManagerConnectionProviderImpl buildCreator
INFO: HHH10001005: using driver [com.mysql.cj.jdbc.Driver] at URL [jdbc:mysql://localhost:3306/accountingsystem?createDatabaseIfNotExist=true&useUnicode=yes&characterEncoding=UTF-8]
Apr 11, 2021 5:01:40 PM org.hibernate.engine.jdbc.connections.internal.DriverManagerConnectionProviderImpl buildCreator
INFO: HHH10001001: Connection properties: {password=****, user=root}
Apr 11, 2021 5:01:40 PM org.hibernate.engine.jdbc.connections.internal.DriverManagerConnectionProviderImpl buildCreator
INFO: HHH10001003: Autocommit mode: false
Apr 11, 2021 5:01:40 PM org.hibernate.engine.jdbc.connections.internal.DriverManagerConnectionProviderImpl$PooledConnections <init>
INFO: HHH000115: Hibernate connection pool size: 20 (min=1)
Apr 11, 2021 5:01:40 PM org.hibernate.dialect.Dialect <init>
INFO: HHH000400: Using dialect: org.hibernate.dialect.MySQL55Dialect
Apr 11, 2021 5:01:41 PM org.hibernate.resource.transaction.backend.jdbc.internal.DdlTransactionIsolatorNonJtaImpl getIsolatedConnection
INFO: HHH10001501: Connection obtained from JdbcConnectionAccess [org.hibernate.engine.jdbc.env.internal.JdbcEnvironmentInitiator$ConnectionProviderJdbcConnectionAccess@58252b3c] for (non-JTA) DDL execution was not in auto-commit mode; the Connection 'local transaction' will be committed and the Connection will be set into auto-commit mode.
Apr 11, 2021 5:01:42 PM org.hibernate.engine.transaction.jta.platform.internal.JtaPlatformInitiator initiateService
INFO: HHH000490: Using JtaPlatform implementation: [org.hibernate.engine.transaction.jta.platform.internal.NoJtaPlatform]
]]></system-err>
  </testcase>
</testsuite>